[0.009s] Invoking command in '/home/gud/Skole/baesjlort/sensor_read_and_interprat/build/sensor_read_and_interprat': CMAKE_PREFIX_PATH=${CMAKE_PREFIX_PATH}:/opt/ros/jazzy DEBUGINFOD_URLS=https://debuginfod.ubuntu.com /usr/bin/cmake --build /home/gud/Skole/baesjlort/sensor_read_and_interprat/build/sensor_read_and_interprat -- -j12 -l12
[0.034s] -- Found ament_cmake: 2.5.4 (/opt/ros/jazzy/share/ament_cmake/cmake)
[0.243s] -- Found rclcpp: 28.1.13 (/opt/ros/jazzy/share/rclcpp/cmake)
[0.271s] -- Found rosidl_generator_c: 4.6.6 (/opt/ros/jazzy/share/rosidl_generator_c/cmake)
[0.282s] -- Found rosidl_generator_cpp: 4.6.6 (/opt/ros/jazzy/share/rosidl_generator_cpp/cmake)
[0.295s] -- Using all available rosidl_typesupport_c: rosidl_typesupport_fastrtps_c;rosidl_typesupport_introspection_c
[0.311s] -- Using all available rosidl_typesupport_cpp: rosidl_typesupport_fastrtps_cpp;rosidl_typesupport_introspection_cpp
[0.385s] -- Found rmw_implementation_cmake: 7.3.2 (/opt/ros/jazzy/share/rmw_implementation_cmake/cmake)
[0.387s] -- Found rmw_fastrtps_cpp: 8.4.3 (/opt/ros/jazzy/share/rmw_fastrtps_cpp/cmake)
[0.465s] -- Using RMW implementation 'rmw_fastrtps_cpp' as default
[0.544s] -- Found sensor_msgs: 5.3.6 (/opt/ros/jazzy/share/sensor_msgs/cmake)
[0.615s] -- Found image_transport: 5.1.7 (/opt/ros/jazzy/share/image_transport/cmake)
[0.630s] -- Found cv_bridge: 4.1.0 (/opt/ros/jazzy/share/cv_bridge/cmake)
[0.650s] -- Found ament_lint_auto: 0.17.3 (/opt/ros/jazzy/share/ament_lint_auto/cmake)
[0.772s] -- Added test 'cppcheck' to perform static code analysis on C / C++ code
[0.772s] -- Configured cppcheck include dirs: /home/gud/Skole/baesjlort/sensor_read_and_interprat/include
[0.772s] -- Configured cppcheck exclude dirs and/or files: 
[0.776s] -- Added test 'flake8' to check Python code syntax and style conventions
[0.776s] -- Configured 'flake8' exclude dirs and/or files: 
[0.784s] -- Added test 'lint_cmake' to check CMake code style
[0.788s] -- Added test 'pep257' to check Python code against some of the docstring style conventions in PEP 257
[0.819s] -- Added test 'uncrustify' to check C / C++ code style
[0.819s] -- Configured uncrustify additional arguments: 
[0.823s] -- Added test 'xmllint' to check XML markup files
[0.824s] -- Configuring done (0.8s)
[0.843s] -- Generating done (0.0s)
[0.848s] -- Build files have been written to: /home/gud/Skole/baesjlort/sensor_read_and_interprat/build/sensor_read_and_interprat
[0.896s] [ 50%] [32mBuilding CXX object CMakeFiles/sensor_subscriber_node.dir/src/main.cpp.o[0m
[1.300s] In file included from [01m[K/home/gud/Skole/baesjlort/sensor_read_and_interprat/include/sensor_subscriber.hpp:9[m[K,
[1.301s]                  from [01m[K/home/gud/Skole/baesjlort/sensor_read_and_interprat/src/main.cpp:1[m[K:
[1.301s] [01m[K/home/gud/Skole/baesjlort/sensor_read_and_interprat/include/display_images.hpp:6:10:[m[K [01;31m[Kfatal error: [m[Kcv_bridge/cv_bridge.h: No such file or directory
[1.301s]     6 | #include [01;31m[K<cv_bridge/cv_bridge.h>[m[K
[1.301s]       |          [01;31m[K^~~~~~~~~~~~~~~~~~~~~~~[m[K
[1.301s] compilation terminated.
[1.307s] gmake[2]: *** [CMakeFiles/sensor_subscriber_node.dir/build.make:76: CMakeFiles/sensor_subscriber_node.dir/src/main.cpp.o] Error 1
[1.308s] gmake[1]: *** [CMakeFiles/Makefile2:137: CMakeFiles/sensor_subscriber_node.dir/all] Error 2
[1.308s] gmake: *** [Makefile:146: all] Error 2
[1.310s] Invoked command in '/home/gud/Skole/baesjlort/sensor_read_and_interprat/build/sensor_read_and_interprat' returned '2': CMAKE_PREFIX_PATH=${CMAKE_PREFIX_PATH}:/opt/ros/jazzy DEBUGINFOD_URLS=https://debuginfod.ubuntu.com /usr/bin/cmake --build /home/gud/Skole/baesjlort/sensor_read_and_interprat/build/sensor_read_and_interprat -- -j12 -l12
