[0.012s] Invoking command in '/home/gud/Skole/baesjlort/sensor_read_and_interprat/build/sensor_read_and_interprat': CMAKE_PREFIX_PATH=${CMAKE_PREFIX_PATH}:/opt/ros/jazzy DEBUGINFOD_URLS=https://debuginfod.ubuntu.com /usr/bin/cmake --build /home/gud/Skole/baesjlort/sensor_read_and_interprat/build/sensor_read_and_interprat -- -j12 -l12
[0.075s] [ 50%] [32mBuilding CXX object CMakeFiles/sensor_subscriber_node.dir/src/main.cpp.o[0m
[3.463s] In file included from [01m[K/home/gud/Skole/baesjlort/sensor_read_and_interprat/include/sensor_subscriber.hpp:9[m[K,
[3.464s]                  from [01m[K/home/gud/Skole/baesjlort/sensor_read_and_interprat/src/main.cpp:1[m[K:
[3.464s] [01m[K/home/gud/Skole/baesjlort/sensor_read_and_interprat/include/image_display_and_handle.hpp:[m[K In member function ‘[01m[Kvoid image_display_and_handle::[01;32m[Kdisplay_image[m[K(const sensor_msgs::msg::Image_<std::allocator<void> >::ConstSharedPtr&, const std::string&, rclcpp::Logger)[m[K’:
[3.464s] [01m[K/home/gud/Skole/baesjlort/sensor_read_and_interprat/include/image_display_and_handle.hpp:13:123:[m[K [01;35m[Kwarning: [m[Kunused parameter ‘[01m[Klogger[m[K’ [[01;35m[K]8;;https://gcc.gnu.org/onlinedocs/gcc/Warning-Options.html#index-Wunused-parameter-Wunused-parameter]8;;[m[K]
[3.464s]    13 | dPtr& msg, const std::string& window_name, [01;35m[Krclcpp::Logger logger[m[K)
[3.464s]       |                                            [01;35m[K~~~~~~~~~~~~~~~^~~~~~[m[K
[3.464s] 
[3.501s] [01m[K/home/gud/Skole/baesjlort/sensor_read_and_interprat/include/sensor_subscriber.hpp:[m[K At global scope:
[3.501s] [01m[K/home/gud/Skole/baesjlort/sensor_read_and_interprat/include/sensor_subscriber.hpp:216:34:[m[K [01;31m[Kerror: [m[K‘[01m[Knav_msgs[m[K’ does not name a type
[3.501s]   216 |     void odometry_callback(const [01;31m[Knav_msgs[m[K::msg::Odometry::ConstSharedPtr& msg)
[3.501s]       |                                  [01;31m[K^~~~~~~~[m[K
[3.502s] [01m[K/home/gud/Skole/baesjlort/sensor_read_and_interprat/include/sensor_subscriber.hpp:216:47:[m[K [01;31m[Kerror: [m[Kexpected unqualified-id before ‘[01m[K::[m[K’ token
[3.502s]   216 |     void odometry_callback(const nav_msgs::msg[01;31m[K::[m[KOdometry::ConstSharedPtr& msg)
[3.502s]       |                                               [01;31m[K^~[m[K
[3.502s] [01m[K/home/gud/Skole/baesjlort/sensor_read_and_interprat/include/sensor_subscriber.hpp:216:47:[m[K [01;31m[Kerror: [m[Kexpected ‘[01m[K)[m[K’ before ‘[01m[K::[m[K’ token
[3.502s]   216 |     void odometry_callback[34m[K([m[Kconst nav_msgs::msg[01;31m[K:[m[K[32m[K:[m[KOdometry::ConstSharedPtr& msg)
[3.502s]       |                           [34m[K~[m[K                   [01;31m[K^[m[K[32m[K~[m[K
[3.502s]       |                                               [32m[K)[m[K
[3.502s] [01m[K/home/gud/Skole/baesjlort/sensor_read_and_interprat/include/sensor_subscriber.hpp:216:44:[m[K [01;31m[Kerror: [m[Kexpected ‘[01m[K;[m[K’ at end of member declaration
[3.502s]   216 |     void odometry_callback(const nav_msgs::[01;31m[Kmsg[m[K::Odometry::ConstSharedPtr& msg)
[3.502s]       |                                            [01;31m[K^~~[m[K
[3.502s]       |                                               [32m[K;[m[K
[3.505s] [01m[K/home/gud/Skole/baesjlort/sensor_read_and_interprat/include/sensor_subscriber.hpp:216:49:[m[K [01;31m[Kerror: [m[K‘[01m[KOdometry[m[K’ in namespace ‘[01m[K::[m[K’ does not name a type
[3.505s]   216 |     void odometry_callback(const nav_msgs::msg::[01;31m[KOdometry[m[K::ConstSharedPtr& msg)
[3.505s]       |                                                 [01;31m[K^~~~~~~~[m[K
[3.568s] [01m[K/home/gud/Skole/baesjlort/sensor_read_and_interprat/include/sensor_subscriber.hpp:306:26:[m[K [01;31m[Kerror: [m[K‘[01m[Knav_msgs[m[K’ was not declared in this scope
[3.568s]   306 |     rclcpp::Subscription<[01;31m[Knav_msgs[m[K::msg::Odometry>::SharedPtr odemetry_;
[3.568s]       |                          [01;31m[K^~~~~~~~[m[K
[3.569s] [01m[K/home/gud/Skole/baesjlort/sensor_read_and_interprat/include/sensor_subscriber.hpp:306:49:[m[K [01;31m[Kerror: [m[Ktemplate argument 1 is invalid
[3.569s]   306 |     rclcpp::Subscription<nav_msgs::msg::Odometry[01;31m[K>[m[K::SharedPtr odemetry_;
[3.569s]       |                                                 [01;31m[K^[m[K
[3.569s] [01m[K/home/gud/Skole/baesjlort/sensor_read_and_interprat/include/sensor_subscriber.hpp:306:49:[m[K [01;31m[Kerror: [m[Ktemplate argument 3 is invalid
[3.569s] [01m[K/home/gud/Skole/baesjlort/sensor_read_and_interprat/include/sensor_subscriber.hpp:306:49:[m[K [01;31m[Kerror: [m[Ktemplate argument 4 is invalid
[3.569s] [01m[K/home/gud/Skole/baesjlort/sensor_read_and_interprat/include/sensor_subscriber.hpp:306:49:[m[K [01;31m[Kerror: [m[Ktemplate argument 5 is invalid
[3.569s] [01m[K/home/gud/Skole/baesjlort/sensor_read_and_interprat/include/sensor_subscriber.hpp:306:52:[m[K [01;31m[Kerror: [m[Kexpected ‘[01m[K;[m[K’ at end of member declaration
[3.569s]   306 |     rclcpp::Subscription<nav_msgs::msg::Odometry>::[01;31m[KSharedPtr[m[K odemetry_;
[3.569s]       |                                                    [01;31m[K^~~~~~~~~[m[K
[3.569s]       |                                                             [32m[K;[m[K
[3.571s] [01m[K/home/gud/Skole/baesjlort/sensor_read_and_interprat/include/sensor_subscriber.hpp:306:62:[m[K [01;31m[Kerror: [m[K‘[01m[Kodemetry_[m[K’ does not name a type
[3.571s]   306 | lcpp::Subscription<nav_msgs::msg::Odometry>::SharedPtr [01;31m[Kodemetry_[m[K;
[3.571s]       |                                                        [01;31m[K^~~~~~~~~[m[K
[3.571s] 
[3.599s] [01m[K/home/gud/Skole/baesjlort/sensor_read_and_interprat/include/sensor_subscriber.hpp:[m[K In member function ‘[01m[Kvoid sensor_subscriber::[01;32m[Kinit[m[K()[m[K’:
[3.600s] [01m[K/home/gud/Skole/baesjlort/sensor_read_and_interprat/include/sensor_subscriber.hpp:66:9:[m[K [01;31m[Kerror: [m[K‘[01m[Kodemetry_[m[K’ was not declared in this scope
[3.600s]    66 |         [01;31m[Kodemetry_[m[K = this->create_subscription<nav_msgs::msg::Odometry>(
[3.600s]       |         [01;31m[K^~~~~~~~~[m[K
[3.608s] [01m[K/home/gud/Skole/baesjlort/sensor_read_and_interprat/include/sensor_subscriber.hpp:66:47:[m[K [01;31m[Kerror: [m[K‘[01m[Knav_msgs[m[K’ was not declared in this scope
[3.608s]    66 |         odemetry_ = this->create_subscription<[01;31m[Knav_msgs[m[K::msg::Odometry>(
[3.608s]       |                                               [01;31m[K^~~~~~~~[m[K
[3.609s] [01m[K/home/gud/Skole/baesjlort/sensor_read_and_interprat/include/sensor_subscriber.hpp:66:27:[m[K [01;31m[Kerror: [m[Kparse error in template argument list
[3.609s]    66 |         odemetry_ = this->[01;31m[Kcreate_subscription<nav_msgs::msg::Odometry>[m[K(
[3.609s]       |                           [01;31m[K^~~~~~~~~~~~~~~~~~~~~~~~~~~~~~~~~~~~~~~~~~~~[m[K
[3.610s] [01m[K/home/gud/Skole/baesjlort/sensor_read_and_interprat/include/sensor_subscriber.hpp:66:71:[m[K [01;31m[Kerror: [m[Kno matching function for call to ‘[01m[Ksensor_subscriber::create_subscription<<expression error> >(const char [22], int, std::_Bind_helper<false, void (sensor_subscriber::*)(...), sensor_subscriber*, const std::_Placeholder<1>&>::type)[m[K’
[3.610s]    66 |   odemetry_ = [01;31m[Kthis->create_subscription<nav_msgs::msg::Odometry>([m[K
[3.610s]       |               [01;31m[K~~~~~~~~~~~~~~~~~~~~~~~~~~~~~~~~~~~~~~~~~~~~~~~~~~^[m[K
[3.610s] 
[3.610s]    67 | [01;31m[K      "/gbr/odometry_perfect", 100,[m[K
[3.611s]       |       [01;31m[K~~~~~~~~~~~~~~~~~~~~~~~~~~~~~[m[K                              
[3.611s] 
[3.611s]    68 | [01;31m[K      std::bind(&sensor_subscriber::odometry_callback, this, std::placeholders::_1))[m[K;
[3.611s]       |       [01;31m[K~~~~~~~~~~~~~~~~~~~~~~~~~~~~~~~~~~~~~~~~~~~~~~~~~~~~~~~~~~~~~~~~~~~~~~~~~~~~~~[m[K
[3.611s] 
[3.611s] In file included from [01m[K/opt/ros/jazzy/include/rclcpp/rclcpp/node.hpp:1663[m[K,
[3.611s]                  from [01m[K/opt/ros/jazzy/include/rclcpp/rclcpp/executors/single_threaded_executor.hpp:28[m[K,
[3.611s]                  from [01m[K/opt/ros/jazzy/include/rclcpp/rclcpp/executors.hpp:22[m[K,
[3.611s]                  from [01m[K/opt/ros/jazzy/include/rclcpp/rclcpp/rclcpp.hpp:172[m[K,
[3.611s]                  from [01m[K/home/gud/Skole/baesjlort/sensor_read_and_interprat/include/sensor_subscriber.hpp:4[m[K:
[3.611s] [01m[K/opt/ros/jazzy/include/rclcpp/rclcpp/node_impl.hpp:92:1:[m[K [01;36m[Knote: [m[Kcandidate: ‘[01m[Ktemplate<class MessageT, class CallbackT, class AllocatorT, class SubscriptionT, class MessageMemoryStrategyT> std::shared_ptr<ROSMessageT> rclcpp::Node::[01;32m[Kcreate_subscription[m[K(const std::string&, const rclcpp::QoS&, CallbackT&&, const rclcpp::SubscriptionOptionsWithAllocator<AllocatorT>&, typename MessageMemoryStrategyT::SharedPtr)[m[K’
[3.611s]    92 | [01;36m[KNode[m[K::create_subscription(
[3.612s]       | [01;36m[K^~~~[m[K
[3.612s] [01m[K/opt/ros/jazzy/include/rclcpp/rclcpp/node_impl.hpp:92:1:[m[K [01;36m[Knote: [m[K  template argument deduction/substitution failed:
[3.612s] [01m[K/home/gud/Skole/baesjlort/sensor_read_and_interprat/include/sensor_subscriber.hpp:66:71:[m[K [01;31m[Kerror: [m[Ktemplate argument 1 is invalid
[3.612s]    66 |   odemetry_ = [01;31m[Kthis->create_subscription<nav_msgs::msg::Odometry>([m[K
[3.612s]       |               [01;31m[K~~~~~~~~~~~~~~~~~~~~~~~~~~~~~~~~~~~~~~~~~~~~~~~~~~^[m[K
[3.612s] 
[3.612s]    67 | [01;31m[K      "/gbr/odometry_perfect", 100,[m[K
[3.612s]       |       [01;31m[K~~~~~~~~~~~~~~~~~~~~~~~~~~~~~[m[K                              
[3.612s] 
[3.612s]    68 | [01;31m[K      std::bind(&sensor_subscriber::odometry_callback, this, std::placeholders::_1))[m[K;
[3.612s]       |       [01;31m[K~~~~~~~~~~~~~~~~~~~~~~~~~~~~~~~~~~~~~~~~~~~~~~~~~~~~~~~~~~~~~~~~~~~~~~~~~~~~~~[m[K
[3.612s] 
[3.614s] [01m[K/home/gud/Skole/baesjlort/sensor_read_and_interprat/include/sensor_subscriber.hpp:[m[K In member function ‘[01m[Kvoid sensor_subscriber::[01;32m[Kimu_perfect_callback[m[K(const sensor_msgs::msg::Imu_<std::allocator<void> >::ConstSharedPtr&)[m[K’:
[3.614s] [01m[K/home/gud/Skole/baesjlort/sensor_read_and_interprat/include/sensor_subscriber.hpp:202:76:[m[K [01;35m[Kwarning: [m[Kunused parameter ‘[01m[Kmsg[m[K’ [[01;35m[K]8;;https://gcc.gnu.org/onlinedocs/gcc/Warning-Options.html#index-Wunused-parameter-Wunused-parameter]8;;[m[K]
[3.614s]   202 | erfect_callback([01;35m[Kconst sensor_msgs::msg::Imu::ConstSharedPtr& msg[m[K)
[3.614s]       |                 [01;35m[K~~~~~~~~~~~~~~~~~~~~~~~~~~~~~~~~~~~~~~~~~~~~~^~~[m[K
[3.614s] 
[7.198s] gmake[2]: *** [CMakeFiles/sensor_subscriber_node.dir/build.make:76: CMakeFiles/sensor_subscriber_node.dir/src/main.cpp.o] Error 1
[7.198s] gmake[1]: *** [CMakeFiles/Makefile2:137: CMakeFiles/sensor_subscriber_node.dir/all] Error 2
[7.198s] gmake: *** [Makefile:146: all] Error 2
[7.201s] Invoked command in '/home/gud/Skole/baesjlort/sensor_read_and_interprat/build/sensor_read_and_interprat' returned '2': CMAKE_PREFIX_PATH=${CMAKE_PREFIX_PATH}:/opt/ros/jazzy DEBUGINFOD_URLS=https://debuginfod.ubuntu.com /usr/bin/cmake --build /home/gud/Skole/baesjlort/sensor_read_and_interprat/build/sensor_read_and_interprat -- -j12 -l12
