[0.010s] Invoking command in '/home/gud/Skole/baesjlort/sensor_read_and_interprat/build/sensor_read_and_interprat': CMAKE_PREFIX_PATH=${CMAKE_PREFIX_PATH}:/opt/ros/jazzy DEBUGINFOD_URLS=https://debuginfod.ubuntu.com /usr/bin/cmake --build /home/gud/Skole/baesjlort/sensor_read_and_interprat/build/sensor_read_and_interprat -- -j12 -l12
[0.036s] -- Found ament_cmake: 2.5.4 (/opt/ros/jazzy/share/ament_cmake/cmake)
[0.258s] -- Found rclcpp: 28.1.13 (/opt/ros/jazzy/share/rclcpp/cmake)
[0.290s] -- Found rosidl_generator_c: 4.6.6 (/opt/ros/jazzy/share/rosidl_generator_c/cmake)
[0.301s] -- Found rosidl_generator_cpp: 4.6.6 (/opt/ros/jazzy/share/rosidl_generator_cpp/cmake)
[0.316s] -- Using all available rosidl_typesupport_c: rosidl_typesupport_fastrtps_c;rosidl_typesupport_introspection_c
[0.333s] -- Using all available rosidl_typesupport_cpp: rosidl_typesupport_fastrtps_cpp;rosidl_typesupport_introspection_cpp
[0.417s] -- Found rmw_implementation_cmake: 7.3.2 (/opt/ros/jazzy/share/rmw_implementation_cmake/cmake)
[0.419s] -- Found rmw_fastrtps_cpp: 8.4.3 (/opt/ros/jazzy/share/rmw_fastrtps_cpp/cmake)
[0.494s] -- Using RMW implementation 'rmw_fastrtps_cpp' as default
[0.579s] -- Found sensor_msgs: 5.3.6 (/opt/ros/jazzy/share/sensor_msgs/cmake)
[0.655s] -- Found image_transport: 5.1.7 (/opt/ros/jazzy/share/image_transport/cmake)
[0.673s] -- Found cv_bridge: 4.1.0 (/opt/ros/jazzy/share/cv_bridge/cmake)
[0.693s] -- Found OpenCV: /usr (found version "4.6.0") 
[0.695s] -- Found ament_lint_auto: 0.17.3 (/opt/ros/jazzy/share/ament_lint_auto/cmake)
[0.818s] -- Added test 'cppcheck' to perform static code analysis on C / C++ code
[0.818s] -- Configured cppcheck include dirs: /home/gud/Skole/baesjlort/sensor_read_and_interprat/include
[0.819s] -- Configured cppcheck exclude dirs and/or files: 
[0.822s] -- Added test 'flake8' to check Python code syntax and style conventions
[0.822s] -- Configured 'flake8' exclude dirs and/or files: 
[0.831s] -- Added test 'lint_cmake' to check CMake code style
[0.835s] -- Added test 'pep257' to check Python code against some of the docstring style conventions in PEP 257
[0.864s] -- Added test 'uncrustify' to check C / C++ code style
[0.864s] -- Configured uncrustify additional arguments: 
[0.868s] -- Added test 'xmllint' to check XML markup files
[0.870s] -- Configuring done (0.8s)
[0.889s] -- Generating done (0.0s)
[0.894s] -- Build files have been written to: /home/gud/Skole/baesjlort/sensor_read_and_interprat/build/sensor_read_and_interprat
[0.939s] [ 50%] [32mBuilding CXX object CMakeFiles/sensor_subscriber_node.dir/src/main.cpp.o[0m
[1.364s] In file included from [01m[K/home/gud/Skole/baesjlort/sensor_read_and_interprat/include/sensor_subscriber.hpp:9[m[K,
[1.364s]                  from [01m[K/home/gud/Skole/baesjlort/sensor_read_and_interprat/src/main.cpp:1[m[K:
[1.364s] [01m[K/home/gud/Skole/baesjlort/sensor_read_and_interprat/include/display_images.hpp:6:10:[m[K [01;31m[Kfatal error: [m[Kcv_bridge/cv_bridge.h: No such file or directory
[1.364s]     6 | #include [01;31m[K<cv_bridge/cv_bridge.h>[m[K
[1.364s]       |          [01;31m[K^~~~~~~~~~~~~~~~~~~~~~~[m[K
[1.364s] compilation terminated.
[1.367s] gmake[2]: *** [CMakeFiles/sensor_subscriber_node.dir/build.make:76: CMakeFiles/sensor_subscriber_node.dir/src/main.cpp.o] Error 1
[1.368s] gmake[1]: *** [CMakeFiles/Makefile2:137: CMakeFiles/sensor_subscriber_node.dir/all] Error 2
[1.368s] gmake: *** [Makefile:146: all] Error 2
[1.370s] Invoked command in '/home/gud/Skole/baesjlort/sensor_read_and_interprat/build/sensor_read_and_interprat' returned '2': CMAKE_PREFIX_PATH=${CMAKE_PREFIX_PATH}:/opt/ros/jazzy DEBUGINFOD_URLS=https://debuginfod.ubuntu.com /usr/bin/cmake --build /home/gud/Skole/baesjlort/sensor_read_and_interprat/build/sensor_read_and_interprat -- -j12 -l12
