[0.010s] Invoking command in '/home/gud/Skole/baesjlort/sensor_read_and_interprat/build/sensor_read_and_interprat': CMAKE_PREFIX_PATH=${CMAKE_PREFIX_PATH}:/opt/ros/jazzy DEBUGINFOD_URLS=https://debuginfod.ubuntu.com /usr/bin/cmake --build /home/gud/Skole/baesjlort/sensor_read_and_interprat/build/sensor_read_and_interprat -- -j12 -l12
[0.066s] [ 50%] [32mBuilding CXX object CMakeFiles/sensor_subscriber_node.dir/src/main.cpp.o[0m
[3.302s] In file included from [01m[K/home/gud/Skole/baesjlort/sensor_read_and_interprat/include/sensor_subscriber.hpp:9[m[K,
[3.302s]                  from [01m[K/home/gud/Skole/baesjlort/sensor_read_and_interprat/src/main.cpp:1[m[K:
[3.302s] [01m[K/home/gud/Skole/baesjlort/sensor_read_and_interprat/include/image_display_and_handle.hpp:[m[K In member function ‘[01m[Kvoid image_display_and_handle::[01;32m[Kdisplay_image[m[K(const sensor_msgs::msg::Image_<std::allocator<void> >::ConstSharedPtr&, const std::string&, rclcpp::Logger)[m[K’:
[3.302s] [01m[K/home/gud/Skole/baesjlort/sensor_read_and_interprat/include/image_display_and_handle.hpp:13:123:[m[K [01;35m[Kwarning: [m[Kunused parameter ‘[01m[Klogger[m[K’ [[01;35m[K]8;;https://gcc.gnu.org/onlinedocs/gcc/Warning-Options.html#index-Wunused-parameter-Wunused-parameter]8;;[m[K]
[3.302s]    13 | tSharedPtr& msg, const std::string& window_name, [01;35m[Krclcpp::Logger logger[m[K)
[3.302s]       |                                                  [01;35m[K~~~~~~~~~~~~~~~^~~~~~[m[K
[3.302s] 
[13.514s] [100%] [32m[1mLinking CXX executable sensor_subscriber_node[0m
[14.518s] [100%] Built target sensor_subscriber_node
[14.531s] Invoked command in '/home/gud/Skole/baesjlort/sensor_read_and_interprat/build/sensor_read_and_interprat' returned '0': CMAKE_PREFIX_PATH=${CMAKE_PREFIX_PATH}:/opt/ros/jazzy DEBUGINFOD_URLS=https://debuginfod.ubuntu.com /usr/bin/cmake --build /home/gud/Skole/baesjlort/sensor_read_and_interprat/build/sensor_read_and_interprat -- -j12 -l12
[14.541s] Invoking command in '/home/gud/Skole/baesjlort/sensor_read_and_interprat/build/sensor_read_and_interprat': CMAKE_PREFIX_PATH=${CMAKE_PREFIX_PATH}:/opt/ros/jazzy DEBUGINFOD_URLS=https://debuginfod.ubuntu.com /usr/bin/cmake --install /home/gud/Skole/baesjlort/sensor_read_and_interprat/build/sensor_read_and_interprat
[14.549s] -- Install configuration: ""
[14.549s] -- Installing: /home/gud/Skole/baesjlort/sensor_read_and_interprat/install/sensor_read_and_interprat/lib/sensor_read_and_interprat/sensor_subscriber_node
[14.557s] -- Set non-toolchain portion of runtime path of "/home/gud/Skole/baesjlort/sensor_read_and_interprat/install/sensor_read_and_interprat/lib/sensor_read_and_interprat/sensor_subscriber_node" to ""
[14.558s] -- Up-to-date: /home/gud/Skole/baesjlort/sensor_read_and_interprat/install/sensor_read_and_interprat/include
[14.558s] -- Up-to-date: /home/gud/Skole/baesjlort/sensor_read_and_interprat/install/sensor_read_and_interprat/include/sensor_subscriber.hpp
[14.558s] -- Installing: /home/gud/Skole/baesjlort/sensor_read_and_interprat/install/sensor_read_and_interprat/include/structs.hpp
[14.558s] -- Up-to-date: /home/gud/Skole/baesjlort/sensor_read_and_interprat/install/sensor_read_and_interprat/include/sensor_read_and_interprat
[14.558s] -- Installing: /home/gud/Skole/baesjlort/sensor_read_and_interprat/install/sensor_read_and_interprat/include/sensor_handler.hpp
[14.558s] -- Up-to-date: /home/gud/Skole/baesjlort/sensor_read_and_interprat/install/sensor_read_and_interprat/include/image_display_and_handle.hpp
[14.558s] -- Up-to-date: /home/gud/Skole/baesjlort/sensor_read_and_interprat/install/sensor_read_and_interprat/share/ament_index/resource_index/package_run_dependencies/sensor_read_and_interprat
[14.559s] -- Up-to-date: /home/gud/Skole/baesjlort/sensor_read_and_interprat/install/sensor_read_and_interprat/share/ament_index/resource_index/parent_prefix_path/sensor_read_and_interprat
[14.559s] -- Up-to-date: /home/gud/Skole/baesjlort/sensor_read_and_interprat/install/sensor_read_and_interprat/share/sensor_read_and_interprat/environment/ament_prefix_path.sh
[14.559s] -- Up-to-date: /home/gud/Skole/baesjlort/sensor_read_and_interprat/install/sensor_read_and_interprat/share/sensor_read_and_interprat/environment/ament_prefix_path.dsv
[14.559s] -- Up-to-date: /home/gud/Skole/baesjlort/sensor_read_and_interprat/install/sensor_read_and_interprat/share/sensor_read_and_interprat/environment/path.sh
[14.559s] -- Up-to-date: /home/gud/Skole/baesjlort/sensor_read_and_interprat/install/sensor_read_and_interprat/share/sensor_read_and_interprat/environment/path.dsv
[14.559s] -- Up-to-date: /home/gud/Skole/baesjlort/sensor_read_and_interprat/install/sensor_read_and_interprat/share/sensor_read_and_interprat/local_setup.bash
[14.559s] -- Up-to-date: /home/gud/Skole/baesjlort/sensor_read_and_interprat/install/sensor_read_and_interprat/share/sensor_read_and_interprat/local_setup.sh
[14.559s] -- Up-to-date: /home/gud/Skole/baesjlort/sensor_read_and_interprat/install/sensor_read_and_interprat/share/sensor_read_and_interprat/local_setup.zsh
[14.559s] -- Up-to-date: /home/gud/Skole/baesjlort/sensor_read_and_interprat/install/sensor_read_and_interprat/share/sensor_read_and_interprat/local_setup.dsv
[14.559s] -- Installing: /home/gud/Skole/baesjlort/sensor_read_and_interprat/install/sensor_read_and_interprat/share/sensor_read_and_interprat/package.dsv
[14.559s] -- Up-to-date: /home/gud/Skole/baesjlort/sensor_read_and_interprat/install/sensor_read_and_interprat/share/ament_index/resource_index/packages/sensor_read_and_interprat
[14.559s] -- Up-to-date: /home/gud/Skole/baesjlort/sensor_read_and_interprat/install/sensor_read_and_interprat/share/sensor_read_and_interprat/cmake/sensor_read_and_interpratConfig.cmake
[14.560s] -- Up-to-date: /home/gud/Skole/baesjlort/sensor_read_and_interprat/install/sensor_read_and_interprat/share/sensor_read_and_interprat/cmake/sensor_read_and_interpratConfig-version.cmake
[14.560s] -- Up-to-date: /home/gud/Skole/baesjlort/sensor_read_and_interprat/install/sensor_read_and_interprat/share/sensor_read_and_interprat/package.xml
[14.561s] Invoked command in '/home/gud/Skole/baesjlort/sensor_read_and_interprat/build/sensor_read_and_interprat' returned '0': CMAKE_PREFIX_PATH=${CMAKE_PREFIX_PATH}:/opt/ros/jazzy DEBUGINFOD_URLS=https://debuginfod.ubuntu.com /usr/bin/cmake --install /home/gud/Skole/baesjlort/sensor_read_and_interprat/build/sensor_read_and_interprat
