[0.011s] Invoking command in '/home/gud/Skole/baesjlort/sensor_read_and_interprat/build/sensor_read_and_interprat': CMAKE_PREFIX_PATH=${CMAKE_PREFIX_PATH}:/opt/ros/jazzy DEBUGINFOD_URLS=https://debuginfod.ubuntu.com /usr/bin/cmake --build /home/gud/Skole/baesjlort/sensor_read_and_interprat/build/sensor_read_and_interprat -- -j12 -l12
[0.110s] [ 50%] [32mBuilding CXX object CMakeFiles/sensor_subscriber_node.dir/src/main.cpp.o[0m
[3.100s] In file included from [01m[K/home/gud/Skole/baesjlort/sensor_read_and_interprat/include/sensor_subscriber.hpp:9[m[K,
[3.100s]                  from [01m[K/home/gud/Skole/baesjlort/sensor_read_and_interprat/src/main.cpp:1[m[K:
[3.100s] [01m[K/home/gud/Skole/baesjlort/sensor_read_and_interprat/include/image_display_and_handle.hpp:[m[K In member function ‘[01m[Kvoid image_display_and_handle::[01;32m[Kdisplay_image[m[K(const sensor_msgs::msg::Image_<std::allocator<void> >::ConstSharedPtr&, const std::string&, rclcpp::Logger)[m[K’:
[3.100s] [01m[K/home/gud/Skole/baesjlort/sensor_read_and_interprat/include/image_display_and_handle.hpp:13:123:[m[K [01;35m[Kwarning: [m[Kunused parameter ‘[01m[Klogger[m[K’ [[01;35m[K]8;;https://gcc.gnu.org/onlinedocs/gcc/Warning-Options.html#index-Wunused-parameter-Wunused-parameter]8;;[m[K]
[3.100s]    13 | tSharedPtr& msg, const std::string& window_name, [01;35m[Krclcpp::Logger logger[m[K)
[3.100s]       |                                                  [01;35m[K~~~~~~~~~~~~~~~^~~~~~[m[K
[3.100s] 
[3.161s] [01m[K/home/gud/Skole/baesjlort/sensor_read_and_interprat/include/sensor_subscriber.hpp:[m[K In member function ‘[01m[Kvoid sensor_subscriber::[01;32m[Kinit[m[K()[m[K’:
[3.161s] [01m[K/home/gud/Skole/baesjlort/sensor_read_and_interprat/include/sensor_subscriber.hpp:35:9:[m[K [01;31m[Kerror: [m[K‘[01m[Kimu_front1_[m[K’ was not declared in this scope; did you mean ‘[01m[Kimu_front_[m[K’?
[3.162s]    35 |         [01;31m[Kimu_front1_[m[K = this->create_subscription<sensor_msgs::msg::Imu>(
[3.162s]       |         [01;31m[K^~~~~~~~~~~[m[K
[3.162s]       |         [32m[Kimu_front_[m[K
[3.168s] [01m[K/home/gud/Skole/baesjlort/sensor_read_and_interprat/include/sensor_subscriber.hpp:38:9:[m[K [01;31m[Kerror: [m[K‘[01m[Kimu_rear1_[m[K’ was not declared in this scope; did you mean ‘[01m[Kimu_rear_[m[K’?
[3.168s]    38 |         [01;31m[Kimu_rear1_[m[K = this->create_subscription<sensor_msgs::msg::Imu>(
[3.168s]       |         [01;31m[K^~~~~~~~~~[m[K
[3.169s]       |         [32m[Kimu_rear_[m[K
[3.175s] [01m[K/home/gud/Skole/baesjlort/sensor_read_and_interprat/include/sensor_subscriber.hpp:41:9:[m[K [01;31m[Kerror: [m[K‘[01m[Kimu_front2_[m[K’ was not declared in this scope; did you mean ‘[01m[Kimu_front_[m[K’?
[3.175s]    41 |         [01;31m[Kimu_front2_[m[K = this->create_subscription<sensor_msgs::msg::Imu>(
[3.175s]       |         [01;31m[K^~~~~~~~~~~[m[K
[3.175s]       |         [32m[Kimu_front_[m[K
[3.182s] [01m[K/home/gud/Skole/baesjlort/sensor_read_and_interprat/include/sensor_subscriber.hpp:44:9:[m[K [01;31m[Kerror: [m[K‘[01m[Kimu_rear2_[m[K’ was not declared in this scope; did you mean ‘[01m[Kimu_rear_[m[K’?
[3.182s]    44 |         [01;31m[Kimu_rear2_[m[K = this->create_subscription<sensor_msgs::msg::Imu>(
[3.182s]       |         [01;31m[K^~~~~~~~~~[m[K
[3.182s]       |         [32m[Kimu_rear_[m[K
[3.186s] [01m[K/home/gud/Skole/baesjlort/sensor_read_and_interprat/include/sensor_subscriber.hpp:[m[K In member function ‘[01m[Kvoid sensor_subscriber::[01;32m[Kpressure_callback[m[K(const sensor_msgs::msg::FluidPressure_<std::allocator<void> >::ConstSharedPtr&)[m[K’:
[3.186s] [01m[K/home/gud/Skole/baesjlort/sensor_read_and_interprat/include/sensor_subscriber.hpp:72:83:[m[K [01;35m[Kwarning: [m[Kunused parameter ‘[01m[Kmsg[m[K’ [[01;35m[K]8;;https://gcc.gnu.org/onlinedocs/gcc/Warning-Options.html#index-Wunused-parameter-Wunused-parameter]8;;[m[K]
[3.186s]    72 | re_callback([01;35m[Kconst sensor_msgs::msg::FluidPressure::ConstSharedPtr& msg[m[K)
[3.186s]       |             [01;35m[K~~~~~~~~~~~~~~~~~~~~~~~~~~~~~~~~~~~~~~~~~~~~~~~~~~~~~~~^~~[m[K
[3.186s] 
[6.354s] gmake[2]: *** [CMakeFiles/sensor_subscriber_node.dir/build.make:76: CMakeFiles/sensor_subscriber_node.dir/src/main.cpp.o] Error 1
[6.354s] gmake[1]: *** [CMakeFiles/Makefile2:137: CMakeFiles/sensor_subscriber_node.dir/all] Error 2
[6.354s] gmake: *** [Makefile:146: all] Error 2
[6.356s] Invoked command in '/home/gud/Skole/baesjlort/sensor_read_and_interprat/build/sensor_read_and_interprat' returned '2': CMAKE_PREFIX_PATH=${CMAKE_PREFIX_PATH}:/opt/ros/jazzy DEBUGINFOD_URLS=https://debuginfod.ubuntu.com /usr/bin/cmake --build /home/gud/Skole/baesjlort/sensor_read_and_interprat/build/sensor_read_and_interprat -- -j12 -l12
