[0.010s] Invoking command in '/home/gud/Skole/baesjlort/sensor_read_and_interprat/build/sensor_read_and_interprat': CMAKE_PREFIX_PATH=${CMAKE_PREFIX_PATH}:/opt/ros/jazzy DEBUGINFOD_URLS=https://debuginfod.ubuntu.com /usr/bin/cmake --build /home/gud/Skole/baesjlort/sensor_read_and_interprat/build/sensor_read_and_interprat -- -j12 -l12
[0.035s] -- Found ament_cmake: 2.5.4 (/opt/ros/jazzy/share/ament_cmake/cmake)
[0.248s] -- Found rclcpp: 28.1.13 (/opt/ros/jazzy/share/rclcpp/cmake)
[0.278s] -- Found rosidl_generator_c: 4.6.6 (/opt/ros/jazzy/share/rosidl_generator_c/cmake)
[0.289s] -- Found rosidl_generator_cpp: 4.6.6 (/opt/ros/jazzy/share/rosidl_generator_cpp/cmake)
[0.304s] -- Using all available rosidl_typesupport_c: rosidl_typesupport_fastrtps_c;rosidl_typesupport_introspection_c
[0.320s] -- Using all available rosidl_typesupport_cpp: rosidl_typesupport_fastrtps_cpp;rosidl_typesupport_introspection_cpp
[0.399s] -- Found rmw_implementation_cmake: 7.3.2 (/opt/ros/jazzy/share/rmw_implementation_cmake/cmake)
[0.401s] -- Found rmw_fastrtps_cpp: 8.4.3 (/opt/ros/jazzy/share/rmw_fastrtps_cpp/cmake)
[0.478s] -- Using RMW implementation 'rmw_fastrtps_cpp' as default
[0.560s] -- Found sensor_msgs: 5.3.6 (/opt/ros/jazzy/share/sensor_msgs/cmake)
[0.632s] -- Found image_transport: 5.1.7 (/opt/ros/jazzy/share/image_transport/cmake)
[0.647s] -- Found cv_bridge: 4.1.0 (/opt/ros/jazzy/share/cv_bridge/cmake)
[0.664s] -- Found nav_msgs: 5.3.6 (/opt/ros/jazzy/share/nav_msgs/cmake)
[0.700s] -- Found ament_lint_auto: 0.17.3 (/opt/ros/jazzy/share/ament_lint_auto/cmake)
[0.900s] -- Added test 'cppcheck' to perform static code analysis on C / C++ code
[0.900s] -- Configured cppcheck include dirs: /home/gud/Skole/baesjlort/sensor_read_and_interprat/include
[0.901s] -- Configured cppcheck exclude dirs and/or files: 
[0.914s] -- Added test 'flake8' to check Python code syntax and style conventions
[0.914s] -- Configured 'flake8' exclude dirs and/or files: 
[0.941s] -- Added test 'lint_cmake' to check CMake code style
[0.954s] -- Added test 'pep257' to check Python code against some of the docstring style conventions in PEP 257
[1.059s] -- Added test 'uncrustify' to check C / C++ code style
[1.059s] -- Configured uncrustify additional arguments: 
[1.072s] -- Added test 'xmllint' to check XML markup files
[1.073s] -- Configuring done (1.0s)
[1.093s] -- Generating done (0.0s)
[1.098s] -- Build files have been written to: /home/gud/Skole/baesjlort/sensor_read_and_interprat/build/sensor_read_and_interprat
[1.134s] [ 50%] [32mBuilding CXX object CMakeFiles/sensor_subscriber_node.dir/src/main.cpp.o[0m
[1.455s] In file included from [01m[K/home/gud/Skole/baesjlort/sensor_read_and_interprat/src/main.cpp:1[m[K:
[1.456s] [01m[K/home/gud/Skole/baesjlort/sensor_read_and_interprat/include/sensor_subscriber.hpp:9:10:[m[K [01;31m[Kfatal error: [m[Knav_msgs/msg/odometry.hpp: No such file or directory
[1.456s]     9 | #include [01;31m[K<nav_msgs/msg/odometry.hpp>[m[K
[1.456s]       |          [01;31m[K^~~~~~~~~~~~~~~~~~~~~~~~~~~[m[K
[1.456s] compilation terminated.
[1.461s] gmake[2]: *** [CMakeFiles/sensor_subscriber_node.dir/build.make:76: CMakeFiles/sensor_subscriber_node.dir/src/main.cpp.o] Error 1
[1.461s] gmake[1]: *** [CMakeFiles/Makefile2:137: CMakeFiles/sensor_subscriber_node.dir/all] Error 2
[1.462s] gmake: *** [Makefile:146: all] Error 2
[1.464s] Invoked command in '/home/gud/Skole/baesjlort/sensor_read_and_interprat/build/sensor_read_and_interprat' returned '2': CMAKE_PREFIX_PATH=${CMAKE_PREFIX_PATH}:/opt/ros/jazzy DEBUGINFOD_URLS=https://debuginfod.ubuntu.com /usr/bin/cmake --build /home/gud/Skole/baesjlort/sensor_read_and_interprat/build/sensor_read_and_interprat -- -j12 -l12
