[0.136s] DEBUG:colcon:Command line arguments: ['/usr/bin/colcon', 'build']
[0.136s] DEBUG:colcon:Parsed command line arguments: Namespace(log_base=None, log_level=None, verb_name='build', build_base='build', install_base='install', merge_install=False, symlink_install=False, test_result_base=None, continue_on_error=False, executor='parallel', parallel_workers=12, event_handlers=None, ignore_user_meta=False, metas=['./colcon.meta'], base_paths=['.'], packages_ignore=None, packages_ignore_regex=None, paths=None, packages_up_to=None, packages_up_to_regex=None, packages_above=None, packages_above_and_dependencies=None, packages_above_depth=None, packages_select_by_dep=None, packages_skip_by_dep=None, packages_skip_up_to=None, packages_select_build_failed=False, packages_skip_build_finished=False, packages_select_test_failures=False, packages_skip_test_passed=False, packages_select=None, packages_skip=None, packages_select_regex=None, packages_skip_regex=None, packages_start=None, packages_end=None, allow_overriding=[], cmake_args=None, cmake_target=None, cmake_target_skip_unavailable=False, cmake_clean_cache=False, cmake_clean_first=False, cmake_force_configure=False, ament_cmake_args=None, catkin_cmake_args=None, catkin_skip_building_tests=False, mixin_files=None, mixin=None, verb_parser=<colcon_mixin.mixin.mixin_argument.MixinArgumentDecorator object at 0x74d3c79952b0>, verb_extension=<colcon_core.verb.build.BuildVerb object at 0x74d3c7912f90>, main=<bound method BuildVerb.main of <colcon_core.verb.build.BuildVerb object at 0x74d3c7912f90>>, mixin_verb=('build',))
[0.182s] Level 1:colcon.colcon_core.package_discovery:discover_packages(colcon_meta) check parameters
[0.182s] Level 1:colcon.colcon_core.package_discovery:discover_packages(recursive) check parameters
[0.182s] Level 1:colcon.colcon_core.package_discovery:discover_packages(ignore) check parameters
[0.182s] Level 1:colcon.colcon_core.package_discovery:discover_packages(path) check parameters
[0.182s] Level 1:colcon.colcon_core.package_discovery:discover_packages(colcon_meta) discover
[0.182s] Level 1:colcon.colcon_core.package_discovery:discover_packages(recursive) discover
[0.182s] INFO:colcon.colcon_core.package_discovery:Crawling recursively for packages in '/home/gud/Skole/baesjlort/sensor_read_and_interprat'
[0.182s] Level 1:colcon.colcon_core.package_identification:_identify(.) by extensions ['ignore', 'ignore_ament_install']
[0.183s] Level 1:colcon.colcon_core.package_identification:_identify(.) by extension 'ignore'
[0.183s] Level 1:colcon.colcon_core.package_identification:_identify(.) by extension 'ignore_ament_install'
[0.183s] Level 1:colcon.colcon_core.package_identification:_identify(.) by extensions ['colcon_pkg']
[0.183s] Level 1:colcon.colcon_core.package_identification:_identify(.) by extension 'colcon_pkg'
[0.183s] Level 1:colcon.colcon_core.package_identification:_identify(.) by extensions ['colcon_meta']
[0.183s] Level 1:colcon.colcon_core.package_identification:_identify(.) by extension 'colcon_meta'
[0.183s] Level 1:colcon.colcon_core.package_identification:_identify(.) by extensions ['ros']
[0.183s] Level 1:colcon.colcon_core.package_identification:_identify(.) by extension 'ros'
[0.217s] DEBUG:colcon.colcon_core.package_identification:Package '.' with type 'ros.ament_cmake' and name 'sensor_read_and_interprat'
[0.217s] Level 1:colcon.colcon_core.package_discovery:discover_packages(recursive) using defaults
[0.217s] Level 1:colcon.colcon_core.package_discovery:discover_packages(ignore) discover
[0.217s] Level 1:colcon.colcon_core.package_discovery:discover_packages(ignore) using defaults
[0.217s] Level 1:colcon.colcon_core.package_discovery:discover_packages(path) discover
[0.217s] Level 1:colcon.colcon_core.package_discovery:discover_packages(path) using defaults
[0.238s] Level 1:colcon.colcon_core.package_discovery:discover_packages(prefix_path) check parameters
[0.238s] Level 1:colcon.colcon_core.package_discovery:discover_packages(prefix_path) discover
[0.239s] DEBUG:colcon.colcon_installed_package_information.package_discovery:Found 1 installed packages in /home/gud/Skole/baesjlort/sensor_read_and_interprat/install
[0.241s] DEBUG:colcon.colcon_installed_package_information.package_discovery:Found 285 installed packages in /opt/ros/jazzy
[0.243s] Level 1:colcon.colcon_core.package_discovery:discover_packages(prefix_path) using defaults
[0.298s] Level 5:colcon.colcon_core.verb:set package 'sensor_read_and_interprat' build argument 'cmake_args' from command line to 'None'
[0.298s] Level 5:colcon.colcon_core.verb:set package 'sensor_read_and_interprat' build argument 'cmake_target' from command line to 'None'
[0.298s] Level 5:colcon.colcon_core.verb:set package 'sensor_read_and_interprat' build argument 'cmake_target_skip_unavailable' from command line to 'False'
[0.298s] Level 5:colcon.colcon_core.verb:set package 'sensor_read_and_interprat' build argument 'cmake_clean_cache' from command line to 'False'
[0.298s] Level 5:colcon.colcon_core.verb:set package 'sensor_read_and_interprat' build argument 'cmake_clean_first' from command line to 'False'
[0.298s] Level 5:colcon.colcon_core.verb:set package 'sensor_read_and_interprat' build argument 'cmake_force_configure' from command line to 'False'
[0.298s] Level 5:colcon.colcon_core.verb:set package 'sensor_read_and_interprat' build argument 'ament_cmake_args' from command line to 'None'
[0.298s] Level 5:colcon.colcon_core.verb:set package 'sensor_read_and_interprat' build argument 'catkin_cmake_args' from command line to 'None'
[0.298s] Level 5:colcon.colcon_core.verb:set package 'sensor_read_and_interprat' build argument 'catkin_skip_building_tests' from command line to 'False'
[0.298s] DEBUG:colcon.colcon_core.verb:Building package 'sensor_read_and_interprat' with the following arguments: {'ament_cmake_args': None, 'build_base': '/home/gud/Skole/baesjlort/sensor_read_and_interprat/build/sensor_read_and_interprat', 'catkin_cmake_args': None, 'catkin_skip_building_tests': False, 'cmake_args': None, 'cmake_clean_cache': False, 'cmake_clean_first': False, 'cmake_force_configure': False, 'cmake_target': None, 'cmake_target_skip_unavailable': False, 'install_base': '/home/gud/Skole/baesjlort/sensor_read_and_interprat/install/sensor_read_and_interprat', 'merge_install': False, 'path': '/home/gud/Skole/baesjlort/sensor_read_and_interprat', 'symlink_install': False, 'test_result_base': None}
[0.298s] INFO:colcon.colcon_core.executor:Executing jobs using 'parallel' executor
[0.299s] DEBUG:colcon.colcon_parallel_executor.executor.parallel:run_until_complete
[0.299s] INFO:colcon.colcon_ros.task.ament_cmake.build:Building ROS package in '/home/gud/Skole/baesjlort/sensor_read_and_interprat' with build type 'ament_cmake'
[0.299s] INFO:colcon.colcon_cmake.task.cmake.build:Building CMake package in '/home/gud/Skole/baesjlort/sensor_read_and_interprat'
[0.301s] INFO:colcon.colcon_core.plugin_system:Skipping extension 'colcon_core.shell.bat': Not used on non-Windows systems
[0.302s] INFO:colcon.colcon_core.shell:Skip shell extension 'powershell' for command environment: Not usable outside of PowerShell
[0.302s] DEBUG:colcon.colcon_core.shell:Skip shell extension 'dsv' for command environment
[0.311s] DEBUG:colcon.colcon_core.event_handler.log_command:Invoking command in '/home/gud/Skole/baesjlort/sensor_read_and_interprat/build/sensor_read_and_interprat': CMAKE_PREFIX_PATH=${CMAKE_PREFIX_PATH}:/opt/ros/jazzy DEBUGINFOD_URLS=https://debuginfod.ubuntu.com /usr/bin/cmake --build /home/gud/Skole/baesjlort/sensor_read_and_interprat/build/sensor_read_and_interprat -- -j12 -l12
[18.488s] DEBUG:colcon.colcon_core.event_handler.log_command:Invoked command in '/home/gud/Skole/baesjlort/sensor_read_and_interprat/build/sensor_read_and_interprat' returned '0': CMAKE_PREFIX_PATH=${CMAKE_PREFIX_PATH}:/opt/ros/jazzy DEBUGINFOD_URLS=https://debuginfod.ubuntu.com /usr/bin/cmake --build /home/gud/Skole/baesjlort/sensor_read_and_interprat/build/sensor_read_and_interprat -- -j12 -l12
[18.496s] DEBUG:colcon.colcon_core.event_handler.log_command:Invoking command in '/home/gud/Skole/baesjlort/sensor_read_and_interprat/build/sensor_read_and_interprat': CMAKE_PREFIX_PATH=${CMAKE_PREFIX_PATH}:/opt/ros/jazzy DEBUGINFOD_URLS=https://debuginfod.ubuntu.com /usr/bin/cmake --install /home/gud/Skole/baesjlort/sensor_read_and_interprat/build/sensor_read_and_interprat
[18.519s] Level 1:colcon.colcon_core.environment:create_environment_scripts_only(sensor_read_and_interprat)
[18.519s] DEBUG:colcon.colcon_core.event_handler.log_command:Invoked command in '/home/gud/Skole/baesjlort/sensor_read_and_interprat/build/sensor_read_and_interprat' returned '0': CMAKE_PREFIX_PATH=${CMAKE_PREFIX_PATH}:/opt/ros/jazzy DEBUGINFOD_URLS=https://debuginfod.ubuntu.com /usr/bin/cmake --install /home/gud/Skole/baesjlort/sensor_read_and_interprat/build/sensor_read_and_interprat
[18.523s] Level 1:colcon.colcon_core.environment:checking '/home/gud/Skole/baesjlort/sensor_read_and_interprat/install/sensor_read_and_interprat' for CMake module files
[18.523s] Level 1:colcon.colcon_core.environment:checking '/home/gud/Skole/baesjlort/sensor_read_and_interprat/install/sensor_read_and_interprat' for CMake config files
[18.524s] Level 1:colcon.colcon_core.shell:create_environment_hook('sensor_read_and_interprat', 'cmake_prefix_path')
[18.524s] INFO:colcon.colcon_core.shell:Creating environment hook '/home/gud/Skole/baesjlort/sensor_read_and_interprat/install/sensor_read_and_interprat/share/sensor_read_and_interprat/hook/cmake_prefix_path.ps1'
[18.525s] INFO:colcon.colcon_core.shell:Creating environment descriptor '/home/gud/Skole/baesjlort/sensor_read_and_interprat/install/sensor_read_and_interprat/share/sensor_read_and_interprat/hook/cmake_prefix_path.dsv'
[18.526s] INFO:colcon.colcon_core.shell:Creating environment hook '/home/gud/Skole/baesjlort/sensor_read_and_interprat/install/sensor_read_and_interprat/share/sensor_read_and_interprat/hook/cmake_prefix_path.sh'
[18.527s] Level 1:colcon.colcon_core.environment:checking '/home/gud/Skole/baesjlort/sensor_read_and_interprat/install/sensor_read_and_interprat/lib'
[18.528s] Level 1:colcon.colcon_core.environment:checking '/home/gud/Skole/baesjlort/sensor_read_and_interprat/install/sensor_read_and_interprat/bin'
[18.528s] Level 1:colcon.colcon_core.environment:checking '/home/gud/Skole/baesjlort/sensor_read_and_interprat/install/sensor_read_and_interprat/lib/pkgconfig/sensor_read_and_interprat.pc'
[18.528s] Level 1:colcon.colcon_core.environment:checking '/home/gud/Skole/baesjlort/sensor_read_and_interprat/install/sensor_read_and_interprat/lib/python3.12/site-packages'
[18.529s] Level 1:colcon.colcon_core.environment:checking '/home/gud/Skole/baesjlort/sensor_read_and_interprat/install/sensor_read_and_interprat/bin'
[18.530s] INFO:colcon.colcon_core.shell:Creating package script '/home/gud/Skole/baesjlort/sensor_read_and_interprat/install/sensor_read_and_interprat/share/sensor_read_and_interprat/package.ps1'
[18.531s] INFO:colcon.colcon_core.shell:Creating package descriptor '/home/gud/Skole/baesjlort/sensor_read_and_interprat/install/sensor_read_and_interprat/share/sensor_read_and_interprat/package.dsv'
[18.531s] INFO:colcon.colcon_core.shell:Creating package script '/home/gud/Skole/baesjlort/sensor_read_and_interprat/install/sensor_read_and_interprat/share/sensor_read_and_interprat/package.sh'
[18.533s] INFO:colcon.colcon_core.shell:Creating package script '/home/gud/Skole/baesjlort/sensor_read_and_interprat/install/sensor_read_and_interprat/share/sensor_read_and_interprat/package.bash'
[18.534s] INFO:colcon.colcon_core.shell:Creating package script '/home/gud/Skole/baesjlort/sensor_read_and_interprat/install/sensor_read_and_interprat/share/sensor_read_and_interprat/package.zsh'
[18.535s] Level 1:colcon.colcon_core.environment:create_file_with_runtime_dependencies(/home/gud/Skole/baesjlort/sensor_read_and_interprat/install/sensor_read_and_interprat/share/colcon-core/packages/sensor_read_and_interprat)
[18.536s] Level 1:colcon.colcon_core.environment:create_environment_scripts_only(sensor_read_and_interprat)
[18.536s] Level 1:colcon.colcon_core.environment:checking '/home/gud/Skole/baesjlort/sensor_read_and_interprat/install/sensor_read_and_interprat' for CMake module files
[18.537s] Level 1:colcon.colcon_core.environment:checking '/home/gud/Skole/baesjlort/sensor_read_and_interprat/install/sensor_read_and_interprat' for CMake config files
[18.537s] Level 1:colcon.colcon_core.shell:create_environment_hook('sensor_read_and_interprat', 'cmake_prefix_path')
[18.537s] INFO:colcon.colcon_core.shell:Creating environment hook '/home/gud/Skole/baesjlort/sensor_read_and_interprat/install/sensor_read_and_interprat/share/sensor_read_and_interprat/hook/cmake_prefix_path.ps1'
[18.538s] INFO:colcon.colcon_core.shell:Creating environment descriptor '/home/gud/Skole/baesjlort/sensor_read_and_interprat/install/sensor_read_and_interprat/share/sensor_read_and_interprat/hook/cmake_prefix_path.dsv'
[18.538s] INFO:colcon.colcon_core.shell:Creating environment hook '/home/gud/Skole/baesjlort/sensor_read_and_interprat/install/sensor_read_and_interprat/share/sensor_read_and_interprat/hook/cmake_prefix_path.sh'
[18.539s] Level 1:colcon.colcon_core.environment:checking '/home/gud/Skole/baesjlort/sensor_read_and_interprat/install/sensor_read_and_interprat/lib'
[18.539s] Level 1:colcon.colcon_core.environment:checking '/home/gud/Skole/baesjlort/sensor_read_and_interprat/install/sensor_read_and_interprat/bin'
[18.539s] Level 1:colcon.colcon_core.environment:checking '/home/gud/Skole/baesjlort/sensor_read_and_interprat/install/sensor_read_and_interprat/lib/pkgconfig/sensor_read_and_interprat.pc'
[18.539s] Level 1:colcon.colcon_core.environment:checking '/home/gud/Skole/baesjlort/sensor_read_and_interprat/install/sensor_read_and_interprat/lib/python3.12/site-packages'
[18.540s] Level 1:colcon.colcon_core.environment:checking '/home/gud/Skole/baesjlort/sensor_read_and_interprat/install/sensor_read_and_interprat/bin'
[18.540s] INFO:colcon.colcon_core.shell:Creating package script '/home/gud/Skole/baesjlort/sensor_read_and_interprat/install/sensor_read_and_interprat/share/sensor_read_and_interprat/package.ps1'
[18.540s] INFO:colcon.colcon_core.shell:Creating package descriptor '/home/gud/Skole/baesjlort/sensor_read_and_interprat/install/sensor_read_and_interprat/share/sensor_read_and_interprat/package.dsv'
[18.541s] INFO:colcon.colcon_core.shell:Creating package script '/home/gud/Skole/baesjlort/sensor_read_and_interprat/install/sensor_read_and_interprat/share/sensor_read_and_interprat/package.sh'
[18.541s] INFO:colcon.colcon_core.shell:Creating package script '/home/gud/Skole/baesjlort/sensor_read_and_interprat/install/sensor_read_and_interprat/share/sensor_read_and_interprat/package.bash'
[18.542s] INFO:colcon.colcon_core.shell:Creating package script '/home/gud/Skole/baesjlort/sensor_read_and_interprat/install/sensor_read_and_interprat/share/sensor_read_and_interprat/package.zsh'
[18.542s] Level 1:colcon.colcon_core.environment:create_file_with_runtime_dependencies(/home/gud/Skole/baesjlort/sensor_read_and_interprat/install/sensor_read_and_interprat/share/colcon-core/packages/sensor_read_and_interprat)
[18.542s] DEBUG:colcon.colcon_parallel_executor.executor.parallel:closing loop
[18.543s] DEBUG:colcon.colcon_parallel_executor.executor.parallel:loop closed
[18.543s] DEBUG:colcon.colcon_parallel_executor.executor.parallel:run_until_complete finished with '0'
[18.543s] DEBUG:colcon.colcon_core.event_reactor:joining thread
[18.548s] INFO:colcon.colcon_core.plugin_system:Skipping extension 'colcon_notification.desktop_notification.terminal_notifier': Not used on non-Darwin systems
[18.549s] INFO:colcon.colcon_core.plugin_system:Skipping extension 'colcon_notification.desktop_notification.win32': Not used on non-Windows systems
[18.549s] INFO:colcon.colcon_notification.desktop_notification:Sending desktop notification using 'notify2'
[18.563s] DEBUG:colcon.colcon_core.event_reactor:joined thread
[18.563s] INFO:colcon.colcon_core.shell:Creating prefix script '/home/gud/Skole/baesjlort/sensor_read_and_interprat/install/local_setup.ps1'
[18.564s] INFO:colcon.colcon_core.shell:Creating prefix util module '/home/gud/Skole/baesjlort/sensor_read_and_interprat/install/_local_setup_util_ps1.py'
[18.565s] INFO:colcon.colcon_core.shell:Creating prefix chain script '/home/gud/Skole/baesjlort/sensor_read_and_interprat/install/setup.ps1'
[18.566s] INFO:colcon.colcon_core.shell:Creating prefix script '/home/gud/Skole/baesjlort/sensor_read_and_interprat/install/local_setup.sh'
[18.566s] INFO:colcon.colcon_core.shell:Creating prefix util module '/home/gud/Skole/baesjlort/sensor_read_and_interprat/install/_local_setup_util_sh.py'
[18.567s] INFO:colcon.colcon_core.shell:Creating prefix chain script '/home/gud/Skole/baesjlort/sensor_read_and_interprat/install/setup.sh'
[18.568s] INFO:colcon.colcon_core.shell:Creating prefix script '/home/gud/Skole/baesjlort/sensor_read_and_interprat/install/local_setup.bash'
[18.568s] INFO:colcon.colcon_core.shell:Creating prefix chain script '/home/gud/Skole/baesjlort/sensor_read_and_interprat/install/setup.bash'
[18.569s] INFO:colcon.colcon_core.shell:Creating prefix script '/home/gud/Skole/baesjlort/sensor_read_and_interprat/install/local_setup.zsh'
[18.569s] INFO:colcon.colcon_core.shell:Creating prefix chain script '/home/gud/Skole/baesjlort/sensor_read_and_interprat/install/setup.zsh'
