[ 50%] [32mBuilding CXX object CMakeFiles/sensor_subscriber_node.dir/src/main.cpp.o[0m
[100%] [32m[1mLinking CXX executable sensor_subscriber_node[0m
[100%] Built target sensor_subscriber_node
-- Install configuration: ""
-- Installing: /home/gud/Skole/baesjlort/sensor_read_and_interprat/install/sensor_read_and_interprat/lib/sensor_read_and_interprat/sensor_subscriber_node
-- Set non-toolchain portion of runtime path of "/home/gud/Skole/baesjlort/sensor_read_and_interprat/install/sensor_read_and_interprat/lib/sensor_read_and_interprat/sensor_subscriber_node" to ""
-- Installing: /home/gud/Skole/baesjlort/sensor_read_and_interprat/install/sensor_read_and_interprat/include
-- Installing: /home/gud/Skole/baesjlort/sensor_read_and_interprat/install/sensor_read_and_interprat/include/sensor_subscriber.hpp
-- Installing: /home/gud/Skole/baesjlort/sensor_read_and_interprat/install/sensor_read_and_interprat/include/structs.hpp
-- Installing: /home/gud/Skole/baesjlort/sensor_read_and_interprat/install/sensor_read_and_interprat/include/sensor_read_and_interprat
-- Installing: /home/gud/Skole/baesjlort/sensor_read_and_interprat/install/sensor_read_and_interprat/include/sensor_handler.hpp
-- Installing: /home/gud/Skole/baesjlort/sensor_read_and_interprat/install/sensor_read_and_interprat/include/image_display_and_handle.hpp
-- Installing: /home/gud/Skole/baesjlort/sensor_read_and_interprat/install/sensor_read_and_interprat/share/ament_index/resource_index/package_run_dependencies/sensor_read_and_interprat
-- Installing: /home/gud/Skole/baesjlort/sensor_read_and_interprat/install/sensor_read_and_interprat/share/ament_index/resource_index/parent_prefix_path/sensor_read_and_interprat
-- Installing: /home/gud/Skole/baesjlort/sensor_read_and_interprat/install/sensor_read_and_interprat/share/sensor_read_and_interprat/environment/ament_prefix_path.sh
-- Installing: /home/gud/Skole/baesjlort/sensor_read_and_interprat/install/sensor_read_and_interprat/share/sensor_read_and_interprat/environment/ament_prefix_path.dsv
-- Installing: /home/gud/Skole/baesjlort/sensor_read_and_interprat/install/sensor_read_and_interprat/share/sensor_read_and_interprat/environment/path.sh
-- Installing: /home/gud/Skole/baesjlort/sensor_read_and_interprat/install/sensor_read_and_interprat/share/sensor_read_and_interprat/environment/path.dsv
-- Installing: /home/gud/Skole/baesjlort/sensor_read_and_interprat/install/sensor_read_and_interprat/share/sensor_read_and_interprat/local_setup.bash
-- Installing: /home/gud/Skole/baesjlort/sensor_read_and_interprat/install/sensor_read_and_interprat/share/sensor_read_and_interprat/local_setup.sh
-- Installing: /home/gud/Skole/baesjlort/sensor_read_and_interprat/install/sensor_read_and_interprat/share/sensor_read_and_interprat/local_setup.zsh
-- Installing: /home/gud/Skole/baesjlort/sensor_read_and_interprat/install/sensor_read_and_interprat/share/sensor_read_and_interprat/local_setup.dsv
-- Installing: /home/gud/Skole/baesjlort/sensor_read_and_interprat/install/sensor_read_and_interprat/share/sensor_read_and_interprat/package.dsv
-- Installing: /home/gud/Skole/baesjlort/sensor_read_and_interprat/install/sensor_read_and_interprat/share/ament_index/resource_index/packages/sensor_read_and_interprat
-- Installing: /home/gud/Skole/baesjlort/sensor_read_and_interprat/install/sensor_read_and_interprat/share/sensor_read_and_interprat/cmake/sensor_read_and_interpratConfig.cmake
-- Installing: /home/gud/Skole/baesjlort/sensor_read_and_interprat/install/sensor_read_and_interprat/share/sensor_read_and_interprat/cmake/sensor_read_and_interpratConfig-version.cmake
-- Installing: /home/gud/Skole/baesjlort/sensor_read_and_interprat/install/sensor_read_and_interprat/share/sensor_read_and_interprat/package.xml
