[ 50%] [32mBuilding CXX object CMakeFiles/sensor_subscriber_node.dir/src/main.cpp.o[0m
In file included from [01m[K/home/gud/Skole/baesjlort/sensor_read_and_interprat/include/sensor_subscriber.hpp:9[m[K,
                 from [01m[K/home/gud/Skole/baesjlort/sensor_read_and_interprat/src/main.cpp:1[m[K:
[01m[K/home/gud/Skole/baesjlort/sensor_read_and_interprat/include/image_display_and_handle.hpp:[m[K In member function ‘[01m[Kvoid image_display_and_handle::[01;32m[Kdisplay_image[m[K(const sensor_msgs::msg::Image_<std::allocator<void> >::ConstSharedPtr&, const std::string&, rclcpp::Logger)[m[K’:
[01m[K/home/gud/Skole/baesjlort/sensor_read_and_interprat/include/image_display_and_handle.hpp:13:123:[m[K [01;35m[Kwarning: [m[Kunused parameter ‘[01m[Klogger[m[K’ [[01;35m[K]8;;https://gcc.gnu.org/onlinedocs/gcc/Warning-Options.html#index-Wunused-parameter-Wunused-parameter]8;;[m[K]
   13 | dPtr& msg, const std::string& window_name, [01;35m[Krclcpp::Logger logger[m[K)
      |                                            [01;35m[K~~~~~~~~~~~~~~~^~~~~~[m[K

In file included from [01m[K/home/gud/Skole/baesjlort/sensor_read_and_interprat/include/sensor_subscriber.hpp:11[m[K:
[01m[K/home/gud/Skole/baesjlort/sensor_read_and_interprat/include/sensor_handler.hpp:[m[K In member function ‘[01m[Kvoid sensor_handler::[01;32m[Kupdate_truth_odometry[m[K(float, float, float, float, float, float, float, float, float, float)[m[K’:
[01m[K/home/gud/Skole/baesjlort/sensor_read_and_interprat/include/sensor_handler.hpp:60:72:[m[K [01;31m[Kerror: [m[K‘[01m[Kstruct Quaternion[m[K’ has no member named ‘[01m[Kconjugate[m[K’
   60 | n delta = incoming_orientation * perfect_orientation_.[01;31m[Kconjugate[m[K();
      |                                                       [01;31m[K^~~~~~~~~[m[K

[01m[K/home/gud/Skole/baesjlort/sensor_read_and_interprat/include/sensor_subscriber.hpp:[m[K At global scope:
[01m[K/home/gud/Skole/baesjlort/sensor_read_and_interprat/include/sensor_subscriber.hpp:215:34:[m[K [01;31m[Kerror: [m[K‘[01m[Knav_msgs[m[K’ does not name a type
  215 |     void odemetry_callback(const [01;31m[Knav_msgs[m[K::msg::Odometry::ConstSharedPtr& msg)
      |                                  [01;31m[K^~~~~~~~[m[K
[01m[K/home/gud/Skole/baesjlort/sensor_read_and_interprat/include/sensor_subscriber.hpp:215:47:[m[K [01;31m[Kerror: [m[Kexpected unqualified-id before ‘[01m[K::[m[K’ token
  215 |     void odemetry_callback(const nav_msgs::msg[01;31m[K::[m[KOdometry::ConstSharedPtr& msg)
      |                                               [01;31m[K^~[m[K
[01m[K/home/gud/Skole/baesjlort/sensor_read_and_interprat/include/sensor_subscriber.hpp:215:47:[m[K [01;31m[Kerror: [m[Kexpected ‘[01m[K)[m[K’ before ‘[01m[K::[m[K’ token
  215 |     void odemetry_callback[34m[K([m[Kconst nav_msgs::msg[01;31m[K:[m[K[32m[K:[m[KOdometry::ConstSharedPtr& msg)
      |                           [34m[K~[m[K                   [01;31m[K^[m[K[32m[K~[m[K
      |                                               [32m[K)[m[K
[01m[K/home/gud/Skole/baesjlort/sensor_read_and_interprat/include/sensor_subscriber.hpp:215:44:[m[K [01;31m[Kerror: [m[Kexpected ‘[01m[K;[m[K’ at end of member declaration
  215 |     void odemetry_callback(const nav_msgs::[01;31m[Kmsg[m[K::Odometry::ConstSharedPtr& msg)
      |                                            [01;31m[K^~~[m[K
      |                                               [32m[K;[m[K
[01m[K/home/gud/Skole/baesjlort/sensor_read_and_interprat/include/sensor_subscriber.hpp:215:49:[m[K [01;31m[Kerror: [m[K‘[01m[KOdometry[m[K’ in namespace ‘[01m[K::[m[K’ does not name a type
  215 |     void odemetry_callback(const nav_msgs::msg::[01;31m[KOdometry[m[K::ConstSharedPtr& msg)
      |                                                 [01;31m[K^~~~~~~~[m[K
[01m[K/home/gud/Skole/baesjlort/sensor_read_and_interprat/include/sensor_subscriber.hpp:[m[K In member function ‘[01m[Kvoid sensor_subscriber::[01;32m[Kinit[m[K()[m[K’:
[01m[K/home/gud/Skole/baesjlort/sensor_read_and_interprat/include/sensor_subscriber.hpp:66:9:[m[K [01;31m[Kerror: [m[K‘[01m[Kodemetry_[m[K’ was not declared in this scope
   66 |         [01;31m[Kodemetry_[m[K = this->create_subscription<nav_msgs::msg::Odometry>(
      |         [01;31m[K^~~~~~~~~[m[K
[01m[K/home/gud/Skole/baesjlort/sensor_read_and_interprat/include/sensor_subscriber.hpp:66:47:[m[K [01;31m[Kerror: [m[K‘[01m[Knav_msgs[m[K’ was not declared in this scope
   66 |         odemetry_ = this->create_subscription<[01;31m[Knav_msgs[m[K::msg::Odometry>(
      |                                               [01;31m[K^~~~~~~~[m[K
[01m[K/home/gud/Skole/baesjlort/sensor_read_and_interprat/include/sensor_subscriber.hpp:66:27:[m[K [01;31m[Kerror: [m[Kparse error in template argument list
   66 |         odemetry_ = this->[01;31m[Kcreate_subscription<nav_msgs::msg::Odometry>[m[K(
      |                           [01;31m[K^~~~~~~~~~~~~~~~~~~~~~~~~~~~~~~~~~~~~~~~~~~~[m[K
[01m[K/home/gud/Skole/baesjlort/sensor_read_and_interprat/include/sensor_subscriber.hpp:66:71:[m[K [01;31m[Kerror: [m[Kno matching function for call to ‘[01m[Ksensor_subscriber::create_subscription<<expression error> >(const char [22], int, std::_Bind_helper<false, void (sensor_subscriber::*)(...), sensor_subscriber*, const std::_Placeholder<1>&>::type)[m[K’
   66 |   odemetry_ = [01;31m[Kthis->create_subscription<nav_msgs::msg::Odometry>([m[K
      |               [01;31m[K~~~~~~~~~~~~~~~~~~~~~~~~~~~~~~~~~~~~~~~~~~~~~~~~~~^[m[K

   67 | [01;31m[K      "/gbr/odometry_perfect", 100,[m[K
      |       [01;31m[K~~~~~~~~~~~~~~~~~~~~~~~~~~~~~[m[K                              

   68 | [01;31m[K      std::bind(&sensor_subscriber::odemetry_callback, this, std::placeholders::_1))[m[K;
      |       [01;31m[K~~~~~~~~~~~~~~~~~~~~~~~~~~~~~~~~~~~~~~~~~~~~~~~~~~~~~~~~~~~~~~~~~~~~~~~~~~~~~~[m[K

In file included from [01m[K/opt/ros/jazzy/include/rclcpp/rclcpp/node.hpp:1663[m[K,
                 from [01m[K/opt/ros/jazzy/include/rclcpp/rclcpp/executors/single_threaded_executor.hpp:28[m[K,
                 from [01m[K/opt/ros/jazzy/include/rclcpp/rclcpp/executors.hpp:22[m[K,
                 from [01m[K/opt/ros/jazzy/include/rclcpp/rclcpp/rclcpp.hpp:172[m[K,
                 from [01m[K/home/gud/Skole/baesjlort/sensor_read_and_interprat/include/sensor_subscriber.hpp:4[m[K:
[01m[K/opt/ros/jazzy/include/rclcpp/rclcpp/node_impl.hpp:92:1:[m[K [01;36m[Knote: [m[Kcandidate: ‘[01m[Ktemplate<class MessageT, class CallbackT, class AllocatorT, class SubscriptionT, class MessageMemoryStrategyT> std::shared_ptr<ROSMessageT> rclcpp::Node::[01;32m[Kcreate_subscription[m[K(const std::string&, const rclcpp::QoS&, CallbackT&&, const rclcpp::SubscriptionOptionsWithAllocator<AllocatorT>&, typename MessageMemoryStrategyT::SharedPtr)[m[K’
   92 | [01;36m[KNode[m[K::create_subscription(
      | [01;36m[K^~~~[m[K
[01m[K/opt/ros/jazzy/include/rclcpp/rclcpp/node_impl.hpp:92:1:[m[K [01;36m[Knote: [m[K  template argument deduction/substitution failed:
[01m[K/home/gud/Skole/baesjlort/sensor_read_and_interprat/include/sensor_subscriber.hpp:66:71:[m[K [01;31m[Kerror: [m[Ktemplate argument 1 is invalid
   66 |   odemetry_ = [01;31m[Kthis->create_subscription<nav_msgs::msg::Odometry>([m[K
      |               [01;31m[K~~~~~~~~~~~~~~~~~~~~~~~~~~~~~~~~~~~~~~~~~~~~~~~~~~^[m[K

   67 | [01;31m[K      "/gbr/odometry_perfect", 100,[m[K
      |       [01;31m[K~~~~~~~~~~~~~~~~~~~~~~~~~~~~~[m[K                              

   68 | [01;31m[K      std::bind(&sensor_subscriber::odemetry_callback, this, std::placeholders::_1))[m[K;
      |       [01;31m[K~~~~~~~~~~~~~~~~~~~~~~~~~~~~~~~~~~~~~~~~~~~~~~~~~~~~~~~~~~~~~~~~~~~~~~~~~~~~~~[m[K

[01m[K/home/gud/Skole/baesjlort/sensor_read_and_interprat/include/sensor_subscriber.hpp:[m[K In member function ‘[01m[Kvoid sensor_subscriber::[01;32m[Kimu_perfect_callback[m[K(const sensor_msgs::msg::Imu_<std::allocator<void> >::ConstSharedPtr&)[m[K’:
[01m[K/home/gud/Skole/baesjlort/sensor_read_and_interprat/include/sensor_subscriber.hpp:205:29:[m[K [01;31m[Kerror: [m[K‘[01m[Kclass sensor_handler[m[K’ has no member named ‘[01m[Kupdate_truth[m[K’; did you mean ‘[01m[Kupdate_depth[m[K’?
  205 |             sensor_handler_.[01;31m[Kupdate_truth[m[K(
      |                             [01;31m[K^~~~~~~~~~~~[m[K
      |                             [32m[Kupdate_depth[m[K
gmake[2]: *** [CMakeFiles/sensor_subscriber_node.dir/build.make:76: CMakeFiles/sensor_subscriber_node.dir/src/main.cpp.o] Error 1
gmake[1]: *** [CMakeFiles/Makefile2:137: CMakeFiles/sensor_subscriber_node.dir/all] Error 2
gmake: *** [Makefile:146: all] Error 2
